<?xml version="1.0" encoding="UTF-8"?>
<!-- Generated by org.testng.reporters.JUnitReportReporter -->
<testsuite hostname="PMCLAP1516-0222" failures="0" tests="2" name="automationFrameDesign.tests.IndependentTest" time="61.364" errors="0" timestamp="2024-04-03T11:08:23 IST" skipped="0">
  <testcase classname="automationFrameDesign.tests.IndependentTest" name="submitOrder" time="31.568"/>
  <testcase classname="automationFrameDesign.tests.IndependentTest" name="submitOrder" time="29.796"/>
</testsuite> <!-- automationFrameDesign.tests.IndependentTest -->
