<?xml version="1.0" encoding="UTF-8"?>
<!-- Generated by org.testng.reporters.JUnitReportReporter -->
<testsuite hostname="PMCLAP1516-0222" failures="0" tests="1" name="cucumberTest.TestNGTestRunner" time="30.908" errors="0" timestamp="2024-04-15T11:57:38 IST" skipped="0">
  <testcase classname="cucumberTest.TestNGTestRunner" name="runScenario" time="30.908"/>
</testsuite> <!-- cucumberTest.TestNGTestRunner -->
