<?xml version="1.0" encoding="UTF-8"?>
<!-- Generated by org.testng.reporters.JUnitReportReporter -->
<testsuite hostname="PMCLAP1516-0222" failures="0" tests="2" name="automationFrameDesign.tests.IndependentTest" time="58.719" errors="0" timestamp="2024-04-08T10:41:34 IST" skipped="0">
  <testcase classname="automationFrameDesign.tests.IndependentTest" name="submitOrder" time="29.629"/>
  <testcase classname="automationFrameDesign.tests.IndependentTest" name="submitOrder" time="29.090"/>
</testsuite> <!-- automationFrameDesign.tests.IndependentTest -->
